[2025-11-12 10:09:47.687]  位置日志信息:
成功检测到酒精串口: COM3
----------------------------------------------------------------------

[2025-11-12 10:09:47.717]  位置日志信息:
打开串口 COM3 成功，波特率: 115200
----------------------------------------------------------------------

[2025-11-12 10:09:47.819]  位置日志信息:
检测酒精串口号 COM3 失败: Access to the path 'COM3' is denied.
----------------------------------------------------------------------

[2025-11-12 10:09:47.819]  位置日志信息:
没有检测到酒精串口！检测失败
----------------------------------------------------------------------

[2025-11-12 10:09:47.819]  位置日志信息:
未找到满足条件的串口
----------------------------------------------------------------------

[2025-11-12 10:09:48.002]  位置日志信息:
发送数据: 7E013000010031
----------------------------------------------------------------------

[2025-11-12 10:09:48.005]  位置日志信息:
接收到数据: 7e01320002030037
----------------------------------------------------------------------

[2025-11-12 10:09:48.259]  位置日志信息:
发送数据: 7E013000010031
----------------------------------------------------------------------

[2025-11-12 10:09:48.266]  位置日志信息:
接收到数据: 7e01320002030037
----------------------------------------------------------------------

[2025-11-12 10:09:48.479]  位置日志信息:
发送数据: 7E013000010031
----------------------------------------------------------------------

[2025-11-12 10:09:48.481]  位置日志信息:
接收到数据: 7e01320002030037
----------------------------------------------------------------------

[2025-11-12 10:09:48.727]  位置日志信息:
发送数据: 7E013000010031
----------------------------------------------------------------------

[2025-11-12 10:09:48.745]  位置日志信息:
接收到数据: 7e01320002030037
----------------------------------------------------------------------

[2025-11-12 10:09:48.980]  位置日志信息:
发送数据: 7E013000010031
----------------------------------------------------------------------

[2025-11-12 10:09:48.986]  位置日志信息:
接收到数据: 7e01320002030037
----------------------------------------------------------------------

[2025-11-12 10:09:49.227]  位置日志信息:
发送数据: 7E013000010031
----------------------------------------------------------------------

[2025-11-12 10:09:49.228]  位置日志信息:
接收到数据: 7e01320002030037
----------------------------------------------------------------------

[2025-11-12 10:09:49.485]  位置日志信息:
发送数据: 7E013000010031
----------------------------------------------------------------------

[2025-11-12 10:09:49.487]  位置日志信息:
接收到数据: 7e01320002030037
----------------------------------------------------------------------

[2025-11-12 10:09:49.729]  位置日志信息:
发送数据: 7E013000010031
----------------------------------------------------------------------

[2025-11-12 10:09:49.731]  位置日志信息:
接收到数据: 7e01320002030037
----------------------------------------------------------------------

[2025-11-12 10:09:49.977]  位置日志信息:
发送数据: 7E013000010031
----------------------------------------------------------------------

[2025-11-12 10:09:49.980]  位置日志信息:
接收到数据: 7e01320002030037
----------------------------------------------------------------------

[2025-11-12 10:09:50.231]  位置日志信息:
发送数据: 7E013000010031
----------------------------------------------------------------------

[2025-11-12 10:09:50.233]  位置日志信息:
接收到数据: 7e01320002030037
----------------------------------------------------------------------

[2025-11-12 10:09:50.480]  位置日志信息:
发送数据: 7E013000010031
----------------------------------------------------------------------

[2025-11-12 10:09:50.493]  位置日志信息:
接收到数据: 7e01320002030037
----------------------------------------------------------------------

[2025-11-12 10:09:50.732]  位置日志信息:
发送数据: 7E013000010031
----------------------------------------------------------------------

[2025-11-12 10:09:50.734]  位置日志信息:
接收到数据: 7e01320002030037
----------------------------------------------------------------------

[2025-11-12 10:09:50.977]  位置日志信息:
发送数据: 7E013000010031
----------------------------------------------------------------------

[2025-11-12 10:09:50.978]  位置日志信息:
接收到数据: 7e01320002030037
----------------------------------------------------------------------

[2025-11-12 10:09:51.229]  位置日志信息:
发送数据: 7E013000010031
----------------------------------------------------------------------

[2025-11-12 10:09:51.230]  位置日志信息:
接收到数据: 7e01320002030037
----------------------------------------------------------------------

[2025-11-12 10:09:51.479]  位置日志信息:
发送数据: 7E013000010031
----------------------------------------------------------------------

[2025-11-12 10:09:51.481]  位置日志信息:
接收到数据: 7e01320002030037
----------------------------------------------------------------------

[2025-11-12 10:09:51.731]  位置日志信息:
发送数据: 7E013000010031
----------------------------------------------------------------------

[2025-11-12 10:09:51.733]  位置日志信息:
接收到数据: 7e01320002030138
----------------------------------------------------------------------

[2025-11-12 10:09:51.977]  位置日志信息:
发送数据: 7E013000010031
----------------------------------------------------------------------

[2025-11-12 10:09:51.978]  位置日志信息:
接收到数据: 7e01320002030138
----------------------------------------------------------------------

[2025-11-12 10:09:52.232]  位置日志信息:
发送数据: 7E013000010031
----------------------------------------------------------------------

[2025-11-12 10:09:52.233]  位置日志信息:
接收到数据: 7e01320002030138
----------------------------------------------------------------------

[2025-11-12 10:09:52.482]  位置日志信息:
发送数据: 7E013000010031
----------------------------------------------------------------------

[2025-11-12 10:09:52.489]  位置日志信息:
接收到数据: 7e01320002030138
----------------------------------------------------------------------

[2025-11-12 10:09:52.726]  位置日志信息:
发送数据: 7E013000010031
----------------------------------------------------------------------

[2025-11-12 10:09:52.728]  位置日志信息:
接收到数据: 7e01320002030138
----------------------------------------------------------------------

[2025-11-12 10:09:52.982]  位置日志信息:
发送数据: 7E013000010031
----------------------------------------------------------------------

[2025-11-12 10:09:52.984]  位置日志信息:
接收到数据: 7e01320002030138
----------------------------------------------------------------------

[2025-11-12 10:09:53.227]  位置日志信息:
发送数据: 7E013000010031
----------------------------------------------------------------------

[2025-11-12 10:09:53.228]  位置日志信息:
接收到数据: 7e01320002030138
----------------------------------------------------------------------

[2025-11-12 10:09:53.477]  位置日志信息:
发送数据: 7E013000010031
----------------------------------------------------------------------

[2025-11-12 10:09:53.478]  位置日志信息:
接收到数据: 7e01320002030138
----------------------------------------------------------------------

[2025-11-12 10:09:53.728]  位置日志信息:
发送数据: 7E013000010031
----------------------------------------------------------------------

[2025-11-12 10:09:53.730]  位置日志信息:
接收到数据: 7e01320002040038
----------------------------------------------------------------------

[2025-11-12 10:09:53.982]  位置日志信息:
发送数据: 7E013000010031
----------------------------------------------------------------------

[2025-11-12 10:09:53.986]  位置日志信息:
接收到数据: 7e01320002040038
----------------------------------------------------------------------

[2025-11-12 10:09:54.230]  位置日志信息:
发送数据: 7E013000010031
----------------------------------------------------------------------

[2025-11-12 10:09:54.231]  位置日志信息:
接收到数据: 7e01320002040038
----------------------------------------------------------------------

[2025-11-12 10:09:54.480]  位置日志信息:
发送数据: 7E013000010031
----------------------------------------------------------------------

[2025-11-12 10:09:54.487]  位置日志信息:
接收到数据: 7e01320002040038
----------------------------------------------------------------------

[2025-11-12 10:09:54.728]  位置日志信息:
发送数据: 7E013000010031
----------------------------------------------------------------------

[2025-11-12 10:09:54.730]  位置日志信息:
接收到数据: 7e01340002000036
----------------------------------------------------------------------

[2025-11-12 10:09:54.978]  位置日志信息:
发送数据: 7E013000010031
----------------------------------------------------------------------

[2025-11-12 10:09:54.979]  位置日志信息:
接收到数据: 7e01340002000036
----------------------------------------------------------------------

[2025-11-12 10:09:55.226]  位置日志信息:
发送数据: 7E013000010031
----------------------------------------------------------------------

[2025-11-12 10:09:55.230]  位置日志信息:
接收到数据: 7e01340002000036
----------------------------------------------------------------------

[2025-11-12 10:09:55.477]  位置日志信息:
发送数据: 7E013000010031
----------------------------------------------------------------------

[2025-11-12 10:09:55.478]  位置日志信息:
接收到数据: 7e01340002000036
----------------------------------------------------------------------

[2025-11-12 10:09:55.730]  位置日志信息:
发送数据: 7E013000010031
----------------------------------------------------------------------

[2025-11-12 10:09:55.732]  位置日志信息:
接收到数据: 7e01340002000036
----------------------------------------------------------------------

[2025-11-12 10:09:55.983]  位置日志信息:
发送数据: 7E013000010031
----------------------------------------------------------------------

[2025-11-12 10:09:55.985]  位置日志信息:
接收到数据: 7e01340002000036
----------------------------------------------------------------------

[2025-11-12 10:09:56.229]  位置日志信息:
发送数据: 7E013000010031
----------------------------------------------------------------------

[2025-11-12 10:09:56.244]  位置日志信息:
接收到数据: 7e01340002000036
----------------------------------------------------------------------

[2025-11-12 10:09:56.482]  位置日志信息:
发送数据: 7E013000010031
----------------------------------------------------------------------

[2025-11-12 10:09:56.484]  位置日志信息:
接收到数据: 7e01340002000036
----------------------------------------------------------------------

[2025-11-12 10:09:56.727]  位置日志信息:
发送数据: 7E013000010031
----------------------------------------------------------------------

[2025-11-12 10:09:56.730]  位置日志信息:
接收到数据: 7e01340002000036
----------------------------------------------------------------------

[2025-11-12 10:09:56.975]  位置日志信息:
发送数据: 7E013000010031
----------------------------------------------------------------------

[2025-11-12 10:09:56.977]  位置日志信息:
接收到数据: 7e01340002000036
----------------------------------------------------------------------

[2025-11-12 10:09:57.227]  位置日志信息:
发送数据: 7E013000010031
----------------------------------------------------------------------

[2025-11-12 10:09:57.229]  位置日志信息:
接收到数据: 7e01340002000036
----------------------------------------------------------------------

[2025-11-12 10:09:57.481]  位置日志信息:
发送数据: 7E013000010031
----------------------------------------------------------------------

[2025-11-12 10:09:57.482]  位置日志信息:
接收到数据: 7e01340002000036
----------------------------------------------------------------------

[2025-11-12 10:09:57.732]  位置日志信息:
发送数据: 7E013000010031
----------------------------------------------------------------------

[2025-11-12 10:09:57.734]  位置日志信息:
接收到数据: 7e01340002000036
----------------------------------------------------------------------

[2025-11-12 10:09:57.981]  位置日志信息:
发送数据: 7E013000010031
----------------------------------------------------------------------

[2025-11-12 10:09:57.983]  位置日志信息:
接收到数据: 7e01340002000036
----------------------------------------------------------------------

[2025-11-12 10:09:58.230]  位置日志信息:
发送数据: 7E013000010031
----------------------------------------------------------------------

[2025-11-12 10:09:58.239]  位置日志信息:
接收到数据: 7e01340002000036
----------------------------------------------------------------------

[2025-11-12 10:09:58.479]  位置日志信息:
发送数据: 7E013000010031
----------------------------------------------------------------------

[2025-11-12 10:09:58.481]  位置日志信息:
接收到数据: 7e01340002000036
----------------------------------------------------------------------

[2025-11-12 10:09:58.727]  位置日志信息:
发送数据: 7E013000010031
----------------------------------------------------------------------

[2025-11-12 10:09:58.729]  位置日志信息:
接收到数据: 7e01340002000036
----------------------------------------------------------------------

[2025-11-12 10:09:58.980]  位置日志信息:
发送数据: 7E013000010031
----------------------------------------------------------------------

[2025-11-12 10:09:58.981]  位置日志信息:
接收到数据: 7e01340002000036
----------------------------------------------------------------------

[2025-11-12 10:09:59.228]  位置日志信息:
发送数据: 7E013000010031
----------------------------------------------------------------------

[2025-11-12 10:09:59.230]  位置日志信息:
接收到数据: 7e01340002000036
----------------------------------------------------------------------

[2025-11-12 10:09:59.478]  位置日志信息:
发送数据: 7E013000010031
----------------------------------------------------------------------

[2025-11-12 10:09:59.482]  位置日志信息:
接收到数据: 7e01340002000036
----------------------------------------------------------------------

[2025-11-12 10:09:59.721]  位置日志信息:
发送数据: 7E013000010031
----------------------------------------------------------------------

[2025-11-12 10:09:59.723]  位置日志信息:
接收到数据: 7e01340002000036
----------------------------------------------------------------------

