[2025-11-13 16:42:07.221]  位置日志信息:
成功检测到酒精串口: COM3
----------------------------------------------------------------------

[2025-11-13 16:42:07.234]  位置日志信息:
打开串口 COM3 成功，波特率: 115200
----------------------------------------------------------------------

[2025-11-13 16:42:07.492]  位置日志信息:
发送数据: 7E013000010031
----------------------------------------------------------------------

[2025-11-13 16:42:07.497]  位置日志信息:
接收到数据: 7e01320002030037
----------------------------------------------------------------------

[2025-11-13 16:42:07.736]  位置日志信息:
发送数据: 7E013000010031
----------------------------------------------------------------------

[2025-11-13 16:42:07.738]  位置日志信息:
接收到数据: 7e01320002030037
----------------------------------------------------------------------

[2025-11-13 16:42:08.009]  位置日志信息:
接收到数据: 7e01320002030037
----------------------------------------------------------------------

[2025-11-13 16:42:08.011]  位置日志信息:
发送数据: 7E013000010031
----------------------------------------------------------------------

[2025-11-13 16:42:08.248]  位置日志信息:
发送数据: 7E013000010031
----------------------------------------------------------------------

[2025-11-13 16:42:08.250]  位置日志信息:
接收到数据: 7e01320002030037
----------------------------------------------------------------------

[2025-11-13 16:42:08.499]  位置日志信息:
发送数据: 7E013000010031
----------------------------------------------------------------------

[2025-11-13 16:42:08.501]  位置日志信息:
接收到数据: 7e01320002030037
----------------------------------------------------------------------

[2025-11-13 16:42:08.735]  位置日志信息:
发送数据: 7E013000010031
----------------------------------------------------------------------

[2025-11-13 16:42:08.737]  位置日志信息:
接收到数据: 7e01320002030037
----------------------------------------------------------------------

[2025-11-13 16:42:08.985]  位置日志信息:
发送数据: 7E013000010031
----------------------------------------------------------------------

[2025-11-13 16:42:08.987]  位置日志信息:
接收到数据: 7e01320002030037
----------------------------------------------------------------------

[2025-11-13 16:42:09.235]  位置日志信息:
发送数据: 7E013000010031
----------------------------------------------------------------------

[2025-11-13 16:42:09.237]  位置日志信息:
接收到数据: 7e01320002030037
----------------------------------------------------------------------

[2025-11-13 16:42:09.498]  位置日志信息:
发送数据: 7E013000010031
----------------------------------------------------------------------

[2025-11-13 16:42:09.500]  位置日志信息:
接收到数据: 7e01320002030037
----------------------------------------------------------------------

[2025-11-13 16:42:09.735]  位置日志信息:
发送数据: 7E013000010031
----------------------------------------------------------------------

[2025-11-13 16:42:09.737]  位置日志信息:
接收到数据: 7e01320002030037
----------------------------------------------------------------------

[2025-11-13 16:42:09.986]  位置日志信息:
发送数据: 7E013000010031
----------------------------------------------------------------------

[2025-11-13 16:42:09.988]  位置日志信息:
接收到数据: 7e01320002030037
----------------------------------------------------------------------

[2025-11-13 16:42:10.236]  位置日志信息:
发送数据: 7E013000010031
----------------------------------------------------------------------

[2025-11-13 16:42:10.238]  位置日志信息:
接收到数据: 7e01320002030138
----------------------------------------------------------------------

[2025-11-13 16:42:10.486]  位置日志信息:
发送数据: 7E013000010031
----------------------------------------------------------------------

[2025-11-13 16:42:10.488]  位置日志信息:
接收到数据: 7e01320002030138
----------------------------------------------------------------------

[2025-11-13 16:42:10.749]  位置日志信息:
发送数据: 7E013000010031
----------------------------------------------------------------------

[2025-11-13 16:42:10.751]  位置日志信息:
接收到数据: 7e01320002030138
----------------------------------------------------------------------

[2025-11-13 16:42:10.985]  位置日志信息:
发送数据: 7E013000010031
----------------------------------------------------------------------

[2025-11-13 16:42:10.987]  位置日志信息:
接收到数据: 7e01320002030138
----------------------------------------------------------------------

[2025-11-13 16:42:11.235]  位置日志信息:
发送数据: 7E013000010031
----------------------------------------------------------------------

[2025-11-13 16:42:11.250]  位置日志信息:
接收到数据: 7e01320002030138
----------------------------------------------------------------------

[2025-11-13 16:42:11.485]  位置日志信息:
发送数据: 7E013000010031
----------------------------------------------------------------------

[2025-11-13 16:42:11.488]  位置日志信息:
接收到数据: 7e01320002030138
----------------------------------------------------------------------

[2025-11-13 16:42:11.740]  位置日志信息:
发送数据: 7E013000010031
----------------------------------------------------------------------

[2025-11-13 16:42:11.741]  位置日志信息:
接收到数据: 7e01320002030138
----------------------------------------------------------------------

[2025-11-13 16:42:11.985]  位置日志信息:
发送数据: 7E013000010031
----------------------------------------------------------------------

[2025-11-13 16:42:11.986]  位置日志信息:
接收到数据: 7e01320002030138
----------------------------------------------------------------------

[2025-11-13 16:42:12.235]  位置日志信息:
发送数据: 7E013000010031
----------------------------------------------------------------------

[2025-11-13 16:42:12.237]  位置日志信息:
接收到数据: 7e01320002040038
----------------------------------------------------------------------

[2025-11-13 16:42:12.503]  位置日志信息:
发送数据: 7E013000010031
----------------------------------------------------------------------

[2025-11-13 16:42:12.513]  位置日志信息:
接收到数据: 7e01320002040038
----------------------------------------------------------------------

[2025-11-13 16:42:12.735]  位置日志信息:
发送数据: 7E013000010031
----------------------------------------------------------------------

[2025-11-13 16:42:12.737]  位置日志信息:
接收到数据: 7e01320002040038
----------------------------------------------------------------------

[2025-11-13 16:42:12.985]  位置日志信息:
发送数据: 7E013000010031
----------------------------------------------------------------------

[2025-11-13 16:42:12.987]  位置日志信息:
接收到数据: 7e01320002040038
----------------------------------------------------------------------

[2025-11-13 16:42:13.246]  位置日志信息:
发送数据: 7E013000010031
----------------------------------------------------------------------

[2025-11-13 16:42:13.249]  位置日志信息:
接收到数据: 7e01340002000036
----------------------------------------------------------------------

[2025-11-13 16:42:13.486]  位置日志信息:
发送数据: 7E013000010031
----------------------------------------------------------------------

[2025-11-13 16:42:13.488]  位置日志信息:
接收到数据: 7e01340002000036
----------------------------------------------------------------------

[2025-11-13 16:42:13.735]  位置日志信息:
发送数据: 7E013000010031
----------------------------------------------------------------------

[2025-11-13 16:42:13.737]  位置日志信息:
接收到数据: 7e01340002000036
----------------------------------------------------------------------

[2025-11-13 16:42:13.985]  位置日志信息:
发送数据: 7E013000010031
----------------------------------------------------------------------

[2025-11-13 16:42:13.986]  位置日志信息:
接收到数据: 7e01340002000036
----------------------------------------------------------------------

[2025-11-13 16:42:14.238]  位置日志信息:
发送数据: 7E013000010031
----------------------------------------------------------------------

[2025-11-13 16:42:14.240]  位置日志信息:
接收到数据: 7e01340002000036
----------------------------------------------------------------------

[2025-11-13 16:42:14.486]  位置日志信息:
发送数据: 7E013000010031
----------------------------------------------------------------------

[2025-11-13 16:42:14.487]  位置日志信息:
接收到数据: 7e01340002000036
----------------------------------------------------------------------

[2025-11-13 16:42:15.571]  位置日志信息:
没有检测到酒精串口！检测失败
----------------------------------------------------------------------

[2025-11-13 16:42:15.571]  位置日志信息:
未找到满足条件的串口
----------------------------------------------------------------------

[2025-11-13 16:42:21.335]  位置日志信息:
成功检测到酒精串口: COM3
----------------------------------------------------------------------

[2025-11-13 16:42:21.360]  位置日志信息:
打开串口 COM3 成功，波特率: 115200
----------------------------------------------------------------------

[2025-11-13 16:42:21.617]  位置日志信息:
发送数据: 7E013000010031
----------------------------------------------------------------------

[2025-11-13 16:42:21.628]  位置日志信息:
接收到数据: 7e01320002030037
----------------------------------------------------------------------

[2025-11-13 16:42:21.864]  位置日志信息:
发送数据: 7E013000010031
----------------------------------------------------------------------

[2025-11-13 16:42:21.866]  位置日志信息:
接收到数据: 7e01320002030037
----------------------------------------------------------------------

[2025-11-13 16:42:22.123]  位置日志信息:
发送数据: 7E013000010031
----------------------------------------------------------------------

[2025-11-13 16:42:22.124]  位置日志信息:
接收到数据: 7e01320002030037
----------------------------------------------------------------------

[2025-11-13 16:42:22.372]  位置日志信息:
发送数据: 7E013000010031
----------------------------------------------------------------------

[2025-11-13 16:42:22.374]  位置日志信息:
接收到数据: 7e01320002030037
----------------------------------------------------------------------

[2025-11-13 16:42:22.625]  位置日志信息:
发送数据: 7E013000010031
----------------------------------------------------------------------

[2025-11-13 16:42:22.627]  位置日志信息:
接收到数据: 7e01320002030037
----------------------------------------------------------------------

[2025-11-13 16:42:22.877]  位置日志信息:
发送数据: 7E013000010031
----------------------------------------------------------------------

[2025-11-13 16:42:22.882]  位置日志信息:
接收到数据: 7e01320002030037
----------------------------------------------------------------------

[2025-11-13 16:42:23.127]  位置日志信息:
发送数据: 7E013000010031
----------------------------------------------------------------------

[2025-11-13 16:42:23.129]  位置日志信息:
接收到数据: 7e01320002030037
----------------------------------------------------------------------

[2025-11-13 16:45:17.375]  位置日志信息:
成功检测到酒精串口: COM3
----------------------------------------------------------------------

[2025-11-13 16:45:17.420]  位置日志信息:
打开串口 COM3 成功，波特率: 115200
----------------------------------------------------------------------

[2025-11-13 16:45:17.704]  位置日志信息:
发送数据: 7E013000010031
----------------------------------------------------------------------

[2025-11-13 16:45:17.710]  位置日志信息:
接收到数据: 7e01320002030037
----------------------------------------------------------------------

[2025-11-13 16:45:17.954]  位置日志信息:
发送数据: 7E013000010031
----------------------------------------------------------------------

[2025-11-13 16:45:17.956]  位置日志信息:
接收到数据: 7e01320002030037
----------------------------------------------------------------------

[2025-11-13 16:45:18.216]  位置日志信息:
发送数据: 7E013000010031
----------------------------------------------------------------------

[2025-11-13 16:45:18.225]  位置日志信息:
接收到数据: 7e01320002030037
----------------------------------------------------------------------

[2025-11-13 16:45:18.451]  位置日志信息:
发送数据: 7E013000010031
----------------------------------------------------------------------

[2025-11-13 16:45:18.453]  位置日志信息:
接收到数据: 7e01320002030037
----------------------------------------------------------------------

[2025-11-13 16:45:18.704]  位置日志信息:
发送数据: 7E013000010031
----------------------------------------------------------------------

[2025-11-13 16:45:18.708]  位置日志信息:
接收到数据: 7e01320002030037
----------------------------------------------------------------------

[2025-11-13 16:45:18.955]  位置日志信息:
发送数据: 7E013000010031
----------------------------------------------------------------------

[2025-11-13 16:45:18.956]  位置日志信息:
接收到数据: 7e01320002030037
----------------------------------------------------------------------

[2025-11-13 16:45:19.201]  位置日志信息:
发送数据: 7E013000010031
----------------------------------------------------------------------

[2025-11-13 16:45:19.202]  位置日志信息:
接收到数据: 7e01320002030037
----------------------------------------------------------------------

[2025-11-13 16:45:19.449]  位置日志信息:
发送数据: 7E013000010031
----------------------------------------------------------------------

[2025-11-13 16:45:19.458]  位置日志信息:
接收到数据: 7e01320002030037
----------------------------------------------------------------------

[2025-11-13 16:45:19.704]  位置日志信息:
发送数据: 7E013000010031
----------------------------------------------------------------------

[2025-11-13 16:45:19.706]  位置日志信息:
接收到数据: 7e01320002030037
----------------------------------------------------------------------

[2025-11-13 16:45:19.951]  位置日志信息:
发送数据: 7E013000010031
----------------------------------------------------------------------

[2025-11-13 16:45:19.955]  位置日志信息:
接收到数据: 7e01320002030037
----------------------------------------------------------------------

[2025-11-13 16:45:20.203]  位置日志信息:
发送数据: 7E013000010031
----------------------------------------------------------------------

[2025-11-13 16:45:20.204]  位置日志信息:
接收到数据: 7e01320002030037
----------------------------------------------------------------------

[2025-11-13 16:45:20.458]  位置日志信息:
发送数据: 7E013000010031
----------------------------------------------------------------------

[2025-11-13 16:45:20.461]  位置日志信息:
接收到数据: 7e01320002030037
----------------------------------------------------------------------

[2025-11-13 16:45:20.700]  位置日志信息:
发送数据: 7E013000010031
----------------------------------------------------------------------

[2025-11-13 16:45:20.701]  位置日志信息:
接收到数据: 7e01320002030037
----------------------------------------------------------------------

[2025-11-13 16:45:20.941]  位置日志信息:
发送数据: 7E013000010031
----------------------------------------------------------------------

[2025-11-13 16:45:20.947]  位置日志信息:
接收到数据: 7e01320002030138
----------------------------------------------------------------------

[2025-11-13 16:45:21.199]  位置日志信息:
发送数据: 7E013000010031
----------------------------------------------------------------------

[2025-11-13 16:45:21.201]  位置日志信息:
接收到数据: 7e01320002030138
----------------------------------------------------------------------

[2025-11-13 16:45:21.452]  位置日志信息:
发送数据: 7E013000010031
----------------------------------------------------------------------

[2025-11-13 16:45:21.453]  位置日志信息:
接收到数据: 7e01320002030138
----------------------------------------------------------------------

[2025-11-13 16:45:21.706]  位置日志信息:
发送数据: 7E013000010031
----------------------------------------------------------------------

[2025-11-13 16:45:21.712]  位置日志信息:
接收到数据: 7e01320002030138
----------------------------------------------------------------------

[2025-11-13 16:45:21.951]  位置日志信息:
发送数据: 7E013000010031
----------------------------------------------------------------------

[2025-11-13 16:45:21.953]  位置日志信息:
接收到数据: 7e01320002030138
----------------------------------------------------------------------

[2025-11-13 16:45:22.194]  位置日志信息:
发送数据: 7E013000010031
----------------------------------------------------------------------

[2025-11-13 16:45:22.198]  位置日志信息:
接收到数据: 7e01320002030138
----------------------------------------------------------------------

[2025-11-13 16:45:22.455]  位置日志信息:
发送数据: 7E013000010031
----------------------------------------------------------------------

[2025-11-13 16:45:22.457]  位置日志信息:
接收到数据: 7e01320002030138
----------------------------------------------------------------------

[2025-11-13 16:45:22.701]  位置日志信息:
发送数据: 7E013000010031
----------------------------------------------------------------------

[2025-11-13 16:45:22.702]  位置日志信息:
接收到数据: 7e01320002030138
----------------------------------------------------------------------

[2025-11-13 16:45:22.940]  位置日志信息:
发送数据: 7E013000010031
----------------------------------------------------------------------

[2025-11-13 16:45:22.942]  位置日志信息:
接收到数据: 7e01320002040038
----------------------------------------------------------------------

[2025-11-13 16:45:23.204]  位置日志信息:
发送数据: 7E013000010031
----------------------------------------------------------------------

[2025-11-13 16:45:23.213]  位置日志信息:
接收到数据: 7e01320002040038
----------------------------------------------------------------------

[2025-11-13 16:45:23.451]  位置日志信息:
发送数据: 7E013000010031
----------------------------------------------------------------------

[2025-11-13 16:45:23.453]  位置日志信息:
接收到数据: 7e01320002040038
----------------------------------------------------------------------

[2025-11-13 16:45:23.692]  位置日志信息:
发送数据: 7E013000010031
----------------------------------------------------------------------

[2025-11-13 16:45:23.694]  位置日志信息:
接收到数据: 7e01320002040038
----------------------------------------------------------------------

[2025-11-13 16:45:23.955]  位置日志信息:
发送数据: 7E013000010031
----------------------------------------------------------------------

[2025-11-13 16:45:23.957]  位置日志信息:
接收到数据: 7e01340002000036
----------------------------------------------------------------------

[2025-11-13 16:45:24.202]  位置日志信息:
发送数据: 7E013000010031
----------------------------------------------------------------------

[2025-11-13 16:45:24.203]  位置日志信息:
接收到数据: 7e01340002000036
----------------------------------------------------------------------

[2025-11-13 16:45:24.451]  位置日志信息:
发送数据: 7E013000010031
----------------------------------------------------------------------

[2025-11-13 16:45:24.456]  位置日志信息:
接收到数据: 7e01340002000036
----------------------------------------------------------------------

[2025-11-13 16:45:24.691]  位置日志信息:
发送数据: 7E013000010031
----------------------------------------------------------------------

[2025-11-13 16:45:24.696]  位置日志信息:
接收到数据: 7e01340002000036
----------------------------------------------------------------------

[2025-11-13 16:45:24.951]  位置日志信息:
发送数据: 7E013000010031
----------------------------------------------------------------------

[2025-11-13 16:45:24.956]  位置日志信息:
接收到数据: 7e01340002000036
----------------------------------------------------------------------

[2025-11-13 16:45:25.205]  位置日志信息:
发送数据: 7E013000010031
----------------------------------------------------------------------

[2025-11-13 16:45:25.207]  位置日志信息:
接收到数据: 7e01340002000036
----------------------------------------------------------------------

[2025-11-13 16:45:25.454]  位置日志信息:
发送数据: 7E013000010031
----------------------------------------------------------------------

[2025-11-13 16:45:25.456]  位置日志信息:
接收到数据: 7e01340002000036
----------------------------------------------------------------------

[2025-11-13 16:45:25.691]  位置日志信息:
发送数据: 7E013000010031
----------------------------------------------------------------------

[2025-11-13 16:45:25.694]  位置日志信息:
接收到数据: 7e01340002000036
----------------------------------------------------------------------

[2025-11-13 16:45:25.941]  位置日志信息:
发送数据: 7E013000010031
----------------------------------------------------------------------

[2025-11-13 16:45:25.942]  位置日志信息:
接收到数据: 7e01340002000036
----------------------------------------------------------------------

[2025-11-13 16:45:26.192]  位置日志信息:
发送数据: 7E013000010031
----------------------------------------------------------------------

[2025-11-13 16:45:26.195]  位置日志信息:
接收到数据: 7e01340002000036
----------------------------------------------------------------------

[2025-11-13 16:45:26.451]  位置日志信息:
发送数据: 7E013000010031
----------------------------------------------------------------------

[2025-11-13 16:45:26.453]  位置日志信息:
接收到数据: 7e01340002000036
----------------------------------------------------------------------

[2025-11-13 16:45:26.702]  位置日志信息:
发送数据: 7E013000010031
----------------------------------------------------------------------

[2025-11-13 16:45:26.704]  位置日志信息:
接收到数据: 7e01340002000036
----------------------------------------------------------------------

[2025-11-13 16:45:26.954]  位置日志信息:
发送数据: 7E013000010031
----------------------------------------------------------------------

[2025-11-13 16:45:26.959]  位置日志信息:
接收到数据: 7e01340002000036
----------------------------------------------------------------------

[2025-11-13 16:45:27.211]  位置日志信息:
发送数据: 7E013000010031
----------------------------------------------------------------------

[2025-11-13 16:45:27.214]  位置日志信息:
接收到数据: 7e01340002000036
----------------------------------------------------------------------

[2025-11-13 16:45:27.453]  位置日志信息:
发送数据: 7E013000010031
----------------------------------------------------------------------

[2025-11-13 16:45:27.455]  位置日志信息:
接收到数据: 7e01340002000036
----------------------------------------------------------------------

[2025-11-13 16:45:27.701]  位置日志信息:
发送数据: 7E013000010031
----------------------------------------------------------------------

[2025-11-13 16:45:27.703]  位置日志信息:
接收到数据: 7e01340002000036
----------------------------------------------------------------------

[2025-11-13 16:45:27.952]  位置日志信息:
发送数据: 7E013000010031
----------------------------------------------------------------------

[2025-11-13 16:45:27.953]  位置日志信息:
接收到数据: 7e01340002000036
----------------------------------------------------------------------

[2025-11-13 16:45:28.206]  位置日志信息:
发送数据: 7E013000010031
----------------------------------------------------------------------

[2025-11-13 16:45:28.207]  位置日志信息:
接收到数据: 7e01340002000036
----------------------------------------------------------------------

[2025-11-13 16:45:28.448]  位置日志信息:
接收到数据: 7e01340002000036
----------------------------------------------------------------------

[2025-11-13 16:45:28.450]  位置日志信息:
发送数据: 7E013000010031
----------------------------------------------------------------------

[2025-11-13 16:45:28.701]  位置日志信息:
发送数据: 7E013000010031
----------------------------------------------------------------------

[2025-11-13 16:45:28.702]  位置日志信息:
接收到数据: 7e01340002000036
----------------------------------------------------------------------

[2025-11-13 16:45:28.964]  位置日志信息:
发送数据: 7E013000010031
----------------------------------------------------------------------

[2025-11-13 16:45:28.966]  位置日志信息:
接收到数据: 7e01340002000036
----------------------------------------------------------------------

[2025-11-13 16:45:29.203]  位置日志信息:
发送数据: 7E013000010031
----------------------------------------------------------------------

[2025-11-13 16:45:29.205]  位置日志信息:
接收到数据: 7e01340002000036
----------------------------------------------------------------------

[2025-11-13 16:45:29.455]  位置日志信息:
发送数据: 7E013000010031
----------------------------------------------------------------------

[2025-11-13 16:45:29.458]  位置日志信息:
接收到数据: 7e01340002000036
----------------------------------------------------------------------

[2025-11-13 16:45:30.902]  位置日志信息:
发送数据: 7E013000010031
----------------------------------------------------------------------

[2025-11-13 16:45:30.904]  位置日志信息:
接收到数据: 7e01340002000036
----------------------------------------------------------------------

[2025-11-13 16:45:31.162]  位置日志信息:
发送数据: 7E013000010031
----------------------------------------------------------------------

[2025-11-13 16:45:31.165]  位置日志信息:
接收到数据: 7e01340002000036
----------------------------------------------------------------------

[2025-11-13 16:45:31.404]  位置日志信息:
发送数据: 7E013000010031
----------------------------------------------------------------------

[2025-11-13 16:45:31.407]  位置日志信息:
接收到数据: 7e01340002000036
----------------------------------------------------------------------

[2025-11-13 16:45:31.669]  位置日志信息:
发送数据: 7E013000010031
----------------------------------------------------------------------

[2025-11-13 16:45:31.693]  位置日志信息:
接收到数据: 7e01340002000036
----------------------------------------------------------------------

[2025-11-13 16:45:31.904]  位置日志信息:
发送数据: 7E013000010031
----------------------------------------------------------------------

[2025-11-13 16:45:31.912]  位置日志信息:
接收到数据: 7e01340002000036
----------------------------------------------------------------------

[2025-11-13 16:45:32.169]  位置日志信息:
发送数据: 7E013000010031
----------------------------------------------------------------------

[2025-11-13 16:45:32.172]  位置日志信息:
接收到数据: 7e01340002000036
----------------------------------------------------------------------

[2025-11-13 16:45:32.419]  位置日志信息:
发送数据: 7E013000010031
----------------------------------------------------------------------

[2025-11-13 16:45:32.431]  位置日志信息:
接收到数据: 7e01340002000036
----------------------------------------------------------------------

[2025-11-13 16:45:32.663]  位置日志信息:
发送数据: 7E013000010031
----------------------------------------------------------------------

[2025-11-13 16:45:32.665]  位置日志信息:
接收到数据: 7e01340002000036
----------------------------------------------------------------------

[2025-11-13 16:45:32.926]  位置日志信息:
发送数据: 7E013000010031
----------------------------------------------------------------------

[2025-11-13 16:45:32.930]  位置日志信息:
接收到数据: 7e01340002000036
----------------------------------------------------------------------

[2025-11-13 16:45:34.817]  位置日志信息:
发送数据: 7E013000010031
----------------------------------------------------------------------

[2025-11-13 16:45:34.819]  位置日志信息:
接收到数据: 7e01340002000036
----------------------------------------------------------------------

[2025-11-13 16:45:35.071]  位置日志信息:
发送数据: 7E013000010031
----------------------------------------------------------------------

[2025-11-13 16:45:35.073]  位置日志信息:
接收到数据: 7e01340002000036
----------------------------------------------------------------------

[2025-11-13 16:45:35.327]  位置日志信息:
发送数据: 7E013000010031
----------------------------------------------------------------------

[2025-11-13 16:45:35.345]  位置日志信息:
接收到数据: 7e01340002000036
----------------------------------------------------------------------

[2025-11-13 16:45:35.580]  位置日志信息:
发送数据: 7E013000010031
----------------------------------------------------------------------

[2025-11-13 16:45:35.584]  位置日志信息:
接收到数据: 7e01340002000036
----------------------------------------------------------------------

[2025-11-13 16:45:35.818]  位置日志信息:
发送数据: 7E013000010031
----------------------------------------------------------------------

[2025-11-13 16:45:35.852]  位置日志信息:
接收到数据: 7e01340002000036
----------------------------------------------------------------------

[2025-11-13 16:45:36.079]  位置日志信息:
发送数据: 7E013000010031
----------------------------------------------------------------------

[2025-11-13 16:45:36.082]  位置日志信息:
接收到数据: 7e01340002000036
----------------------------------------------------------------------

[2025-11-13 16:45:36.324]  位置日志信息:
发送数据: 7E013000010031
----------------------------------------------------------------------

[2025-11-13 16:45:36.330]  位置日志信息:
接收到数据: 7e01340002000036
----------------------------------------------------------------------

[2025-11-13 16:45:36.570]  位置日志信息:
发送数据: 7E013000010031
----------------------------------------------------------------------

[2025-11-13 16:45:36.572]  位置日志信息:
接收到数据: 7e01340002000036
----------------------------------------------------------------------

[2025-11-13 16:45:36.818]  位置日志信息:
发送数据: 7E013000010031
----------------------------------------------------------------------

[2025-11-13 16:45:36.823]  位置日志信息:
接收到数据: 7e01340002000036
----------------------------------------------------------------------

[2025-11-13 16:45:37.076]  位置日志信息:
发送数据: 7E013000010031
----------------------------------------------------------------------

[2025-11-13 16:45:37.077]  位置日志信息:
接收到数据: 7e01340002000036
----------------------------------------------------------------------

[2025-11-13 16:45:37.321]  位置日志信息:
发送数据: 7E013000010031
----------------------------------------------------------------------

[2025-11-13 16:45:37.329]  位置日志信息:
接收到数据: 7e01340002000036
----------------------------------------------------------------------

[2025-11-13 16:45:37.576]  位置日志信息:
发送数据: 7E013000010031
----------------------------------------------------------------------

[2025-11-13 16:45:37.580]  位置日志信息:
接收到数据: 7e01340002000036
----------------------------------------------------------------------

[2025-11-13 16:45:39.271]  位置日志信息:
发送数据: 7E013000010031
----------------------------------------------------------------------

[2025-11-13 16:45:39.273]  位置日志信息:
接收到数据: 7e01340002000036
----------------------------------------------------------------------

[2025-11-13 16:45:39.521]  位置日志信息:
发送数据: 7E013000010031
----------------------------------------------------------------------

[2025-11-13 16:45:39.522]  位置日志信息:
接收到数据: 7e01340002000036
----------------------------------------------------------------------

[2025-11-13 16:45:39.779]  位置日志信息:
发送数据: 7E013000010031
----------------------------------------------------------------------

[2025-11-13 16:45:39.786]  位置日志信息:
接收到数据: 7e01340002000036
----------------------------------------------------------------------

[2025-11-13 16:45:40.027]  位置日志信息:
发送数据: 7E013000010031
----------------------------------------------------------------------

[2025-11-13 16:45:40.029]  位置日志信息:
接收到数据: 7e01340002000036
----------------------------------------------------------------------

[2025-11-13 16:45:40.283]  位置日志信息:
发送数据: 7E013000010031
----------------------------------------------------------------------

[2025-11-13 16:45:40.294]  位置日志信息:
接收到数据: 7e01340002000036
----------------------------------------------------------------------

[2025-11-13 16:45:40.527]  位置日志信息:
发送数据: 7E013000010031
----------------------------------------------------------------------

[2025-11-13 16:45:40.533]  位置日志信息:
接收到数据: 7e01340002000036
----------------------------------------------------------------------

[2025-11-13 16:45:40.778]  位置日志信息:
发送数据: 7E013000010031
----------------------------------------------------------------------

[2025-11-13 16:45:40.782]  位置日志信息:
接收到数据: 7e01340002000036
----------------------------------------------------------------------

[2025-11-13 16:45:41.028]  位置日志信息:
发送数据: 7E013000010031
----------------------------------------------------------------------

[2025-11-13 16:45:41.030]  位置日志信息:
接收到数据: 7e01340002000036
----------------------------------------------------------------------

[2025-11-13 16:45:45.360]  位置日志信息:
发送数据: 7E013000010031
----------------------------------------------------------------------

[2025-11-13 16:45:45.362]  位置日志信息:
接收到数据: 7e01320002010035
----------------------------------------------------------------------

[2025-11-13 16:45:45.612]  位置日志信息:
发送数据: 7E013000010031
----------------------------------------------------------------------

[2025-11-13 16:45:45.614]  位置日志信息:
接收到数据: 7e01320002030037
----------------------------------------------------------------------

[2025-11-13 16:45:45.866]  位置日志信息:
发送数据: 7E013000010031
----------------------------------------------------------------------

[2025-11-13 16:45:45.879]  位置日志信息:
接收到数据: 7e01320002030037
----------------------------------------------------------------------

[2025-11-13 16:45:46.116]  位置日志信息:
发送数据: 7E013000010031
----------------------------------------------------------------------

[2025-11-13 16:45:46.119]  位置日志信息:
接收到数据: 7e01320002030037
----------------------------------------------------------------------

[2025-11-13 16:45:46.365]  位置日志信息:
发送数据: 7E013000010031
----------------------------------------------------------------------

[2025-11-13 16:45:46.371]  位置日志信息:
接收到数据: 7e01320002030138
----------------------------------------------------------------------

[2025-11-13 16:45:46.610]  位置日志信息:
发送数据: 7E013000010031
----------------------------------------------------------------------

[2025-11-13 16:45:46.612]  位置日志信息:
接收到数据: 7e01320002030138
----------------------------------------------------------------------

[2025-11-13 16:45:46.861]  位置日志信息:
发送数据: 7E013000010031
----------------------------------------------------------------------

[2025-11-13 16:45:46.863]  位置日志信息:
接收到数据: 7e01320002030138
----------------------------------------------------------------------

[2025-11-13 16:45:47.111]  位置日志信息:
发送数据: 7E013000010031
----------------------------------------------------------------------

[2025-11-13 16:45:47.113]  位置日志信息:
接收到数据: 7e01320002030138
----------------------------------------------------------------------

[2025-11-13 16:45:47.363]  位置日志信息:
发送数据: 7E013000010031
----------------------------------------------------------------------

[2025-11-13 16:45:47.365]  位置日志信息:
接收到数据: 7e01320002030138
----------------------------------------------------------------------

[2025-11-13 16:45:47.614]  位置日志信息:
发送数据: 7E013000010031
----------------------------------------------------------------------

[2025-11-13 16:45:47.616]  位置日志信息:
接收到数据: 7e01320002030138
----------------------------------------------------------------------

[2025-11-13 16:45:47.880]  位置日志信息:
发送数据: 7E013000010031
----------------------------------------------------------------------

[2025-11-13 16:45:47.882]  位置日志信息:
接收到数据: 7e01320002030138
----------------------------------------------------------------------

[2025-11-13 16:45:48.125]  位置日志信息:
发送数据: 7E013000010031
----------------------------------------------------------------------

[2025-11-13 16:45:48.133]  位置日志信息:
接收到数据: 7e01320002030138
----------------------------------------------------------------------

[2025-11-13 16:45:48.373]  位置日志信息:
发送数据: 7E013000010031
----------------------------------------------------------------------

[2025-11-13 16:45:48.377]  位置日志信息:
接收到数据: 7e01320002040038
----------------------------------------------------------------------

[2025-11-13 16:45:48.613]  位置日志信息:
发送数据: 7E013000010031
----------------------------------------------------------------------

[2025-11-13 16:45:48.614]  位置日志信息:
接收到数据: 7e01320002040038
----------------------------------------------------------------------

[2025-11-13 16:45:48.859]  位置日志信息:
发送数据: 7E013000010031
----------------------------------------------------------------------

[2025-11-13 16:45:48.860]  位置日志信息:
接收到数据: 7e01320002040038
----------------------------------------------------------------------

[2025-11-13 16:45:49.111]  位置日志信息:
发送数据: 7E013000010031
----------------------------------------------------------------------

[2025-11-13 16:45:49.114]  位置日志信息:
接收到数据: 7e01320002040038
----------------------------------------------------------------------

[2025-11-13 16:45:49.371]  位置日志信息:
发送数据: 7E013000010031
----------------------------------------------------------------------

[2025-11-13 16:45:49.384]  位置日志信息:
接收到数据: 7e01340002000036
----------------------------------------------------------------------

[2025-11-13 16:45:49.611]  位置日志信息:
发送数据: 7E013000010031
----------------------------------------------------------------------

[2025-11-13 16:45:49.612]  位置日志信息:
接收到数据: 7e01340002000036
----------------------------------------------------------------------

[2025-11-13 16:45:49.860]  位置日志信息:
发送数据: 7E013000010031
----------------------------------------------------------------------

[2025-11-13 16:45:49.874]  位置日志信息:
接收到数据: 7e01340002000036
----------------------------------------------------------------------

[2025-11-13 16:45:50.120]  位置日志信息:
发送数据: 7E013000010031
----------------------------------------------------------------------

[2025-11-13 16:45:50.121]  位置日志信息:
接收到数据: 7e01340002000036
----------------------------------------------------------------------

[2025-11-13 16:45:50.361]  位置日志信息:
发送数据: 7E013000010031
----------------------------------------------------------------------

[2025-11-13 16:45:50.363]  位置日志信息:
接收到数据: 7e01340002000036
----------------------------------------------------------------------

[2025-11-13 16:45:50.608]  位置日志信息:
发送数据: 7E013000010031
----------------------------------------------------------------------

[2025-11-13 16:45:50.610]  位置日志信息:
接收到数据: 7e01340002000036
----------------------------------------------------------------------

[2025-11-13 16:45:51.818]  位置日志信息:
发送数据: 7E013000010031
----------------------------------------------------------------------

[2025-11-13 16:45:51.820]  位置日志信息:
接收到数据: 7e01340002000036
----------------------------------------------------------------------

[2025-11-13 16:45:52.067]  位置日志信息:
发送数据: 7E013000010031
----------------------------------------------------------------------

[2025-11-13 16:45:52.068]  位置日志信息:
接收到数据: 7e01340002000036
----------------------------------------------------------------------

[2025-11-13 16:45:52.315]  位置日志信息:
发送数据: 7E013000010031
----------------------------------------------------------------------

[2025-11-13 16:45:52.317]  位置日志信息:
接收到数据: 7e01340002000036
----------------------------------------------------------------------

[2025-11-13 16:45:52.566]  位置日志信息:
发送数据: 7E013000010031
----------------------------------------------------------------------

[2025-11-13 16:45:52.582]  位置日志信息:
接收到数据: 7e01340002000036
----------------------------------------------------------------------

[2025-11-13 16:45:52.817]  位置日志信息:
发送数据: 7E013000010031
----------------------------------------------------------------------

[2025-11-13 16:45:52.827]  位置日志信息:
接收到数据: 7e01340002000036
----------------------------------------------------------------------

[2025-11-13 16:45:53.083]  位置日志信息:
发送数据: 7E013000010031
----------------------------------------------------------------------

[2025-11-13 16:45:53.090]  位置日志信息:
接收到数据: 7e01340002000036
----------------------------------------------------------------------

[2025-11-13 16:45:53.321]  位置日志信息:
发送数据: 7E013000010031
----------------------------------------------------------------------

[2025-11-13 16:45:53.324]  位置日志信息:
接收到数据: 7e01340002000036
----------------------------------------------------------------------

[2025-11-13 16:45:53.589]  位置日志信息:
发送数据: 7E013000010031
----------------------------------------------------------------------

[2025-11-13 16:45:53.593]  位置日志信息:
接收到数据: 7e01340002000036
----------------------------------------------------------------------

[2025-11-13 16:45:53.827]  位置日志信息:
发送数据: 7E013000010031
----------------------------------------------------------------------

[2025-11-13 16:45:53.829]  位置日志信息:
接收到数据: 7e01340002000036
----------------------------------------------------------------------

[2025-11-13 16:45:54.074]  位置日志信息:
发送数据: 7E013000010031
----------------------------------------------------------------------

[2025-11-13 16:45:54.076]  位置日志信息:
接收到数据: 7e01340002000036
----------------------------------------------------------------------

[2025-11-13 16:45:54.329]  位置日志信息:
发送数据: 7E013000010031
----------------------------------------------------------------------

[2025-11-13 16:45:54.338]  位置日志信息:
接收到数据: 7e01340002000036
----------------------------------------------------------------------

[2025-11-13 16:45:54.568]  位置日志信息:
发送数据: 7E013000010031
----------------------------------------------------------------------

[2025-11-13 16:45:54.576]  位置日志信息:
接收到数据: 7e01340002000036
----------------------------------------------------------------------

[2025-11-13 16:45:54.819]  位置日志信息:
发送数据: 7E013000010031
----------------------------------------------------------------------

[2025-11-13 16:45:54.821]  位置日志信息:
接收到数据: 7e01340002000036
----------------------------------------------------------------------

[2025-11-13 16:45:55.079]  位置日志信息:
发送数据: 7E013000010031
----------------------------------------------------------------------

[2025-11-13 16:45:55.081]  位置日志信息:
接收到数据: 7e01340002000036
----------------------------------------------------------------------

[2025-11-13 16:45:55.331]  位置日志信息:
发送数据: 7E013000010031
----------------------------------------------------------------------

[2025-11-13 16:45:55.335]  位置日志信息:
接收到数据: 7e01340002000036
----------------------------------------------------------------------

[2025-11-13 16:45:55.572]  位置日志信息:
发送数据: 7E013000010031
----------------------------------------------------------------------

[2025-11-13 16:45:55.585]  位置日志信息:
接收到数据: 7e01340002000036
----------------------------------------------------------------------

[2025-11-13 16:45:56.729]  位置日志信息:
发送数据: 7E013000010031
----------------------------------------------------------------------

[2025-11-13 16:45:56.737]  位置日志信息:
接收到数据: 7e01340002000036
----------------------------------------------------------------------

[2025-11-13 16:45:56.978]  位置日志信息:
发送数据: 7E013000010031
----------------------------------------------------------------------

[2025-11-13 16:45:56.980]  位置日志信息:
接收到数据: 7e01340002000036
----------------------------------------------------------------------

[2025-11-13 16:45:57.234]  位置日志信息:
发送数据: 7E013000010031
----------------------------------------------------------------------

[2025-11-13 16:45:57.236]  位置日志信息:
接收到数据: 7e01340002000036
----------------------------------------------------------------------

[2025-11-13 16:45:57.487]  位置日志信息:
发送数据: 7E013000010031
----------------------------------------------------------------------

[2025-11-13 16:45:57.489]  位置日志信息:
接收到数据: 7e01340002000036
----------------------------------------------------------------------

[2025-11-13 16:45:57.738]  位置日志信息:
发送数据: 7E013000010031
----------------------------------------------------------------------

[2025-11-13 16:45:57.744]  位置日志信息:
接收到数据: 7e01340002000036
----------------------------------------------------------------------

[2025-11-13 16:45:57.987]  位置日志信息:
发送数据: 7E013000010031
----------------------------------------------------------------------

[2025-11-13 16:45:57.989]  位置日志信息:
接收到数据: 7e01340002000036
----------------------------------------------------------------------

[2025-11-13 16:45:58.238]  位置日志信息:
发送数据: 7E013000010031
----------------------------------------------------------------------

[2025-11-13 16:45:58.254]  位置日志信息:
接收到数据: 7e01340002000036
----------------------------------------------------------------------

[2025-11-13 16:45:58.488]  位置日志信息:
发送数据: 7E013000010031
----------------------------------------------------------------------

[2025-11-13 16:45:58.492]  位置日志信息:
接收到数据: 7e01340002000036
----------------------------------------------------------------------

[2025-11-13 16:45:58.731]  位置日志信息:
发送数据: 7E013000010031
----------------------------------------------------------------------

[2025-11-13 16:45:58.733]  位置日志信息:
接收到数据: 7e01340002000036
----------------------------------------------------------------------

[2025-11-13 16:45:58.986]  位置日志信息:
发送数据: 7E013000010031
----------------------------------------------------------------------

[2025-11-13 16:45:58.988]  位置日志信息:
接收到数据: 7e01340002000036
----------------------------------------------------------------------

[2025-11-13 16:45:59.237]  位置日志信息:
发送数据: 7E013000010031
----------------------------------------------------------------------

[2025-11-13 16:45:59.239]  位置日志信息:
接收到数据: 7e01340002000036
----------------------------------------------------------------------

[2025-11-13 16:45:59.482]  位置日志信息:
发送数据: 7E013000010031
----------------------------------------------------------------------

[2025-11-13 16:45:59.484]  位置日志信息:
接收到数据: 7e01340002000036
----------------------------------------------------------------------

[2025-11-13 16:45:59.737]  位置日志信息:
发送数据: 7E013000010031
----------------------------------------------------------------------

[2025-11-13 16:45:59.739]  位置日志信息:
接收到数据: 7e01340002000036
----------------------------------------------------------------------

[2025-11-13 16:45:59.983]  位置日志信息:
发送数据: 7E013000010031
----------------------------------------------------------------------

[2025-11-13 16:46:00.234]  位置日志信息:
发送数据: 7E013000010031
----------------------------------------------------------------------

[2025-11-13 16:46:00.480]  位置日志信息:
发送数据: 7E013000010031
----------------------------------------------------------------------

[2025-11-13 16:46:00.740]  位置日志信息:
发送数据: 7E013000010031
----------------------------------------------------------------------

[2025-11-13 16:46:00.742]  位置日志信息:
接收到数据: 7e01320002010035
----------------------------------------------------------------------

[2025-11-13 16:46:00.982]  位置日志信息:
发送数据: 7E013000010031
----------------------------------------------------------------------

[2025-11-13 16:46:00.985]  位置日志信息:
接收到数据: 7e01320002010035
----------------------------------------------------------------------

[2025-11-13 16:46:01.237]  位置日志信息:
发送数据: 7E013000010031
----------------------------------------------------------------------

[2025-11-13 16:46:01.239]  位置日志信息:
接收到数据: 7e01320002010035
----------------------------------------------------------------------

[2025-11-13 16:46:01.480]  位置日志信息:
发送数据: 7E013000010031
----------------------------------------------------------------------

[2025-11-13 16:46:01.484]  位置日志信息:
接收到数据: 7e01320002010035
----------------------------------------------------------------------

[2025-11-13 16:46:01.736]  位置日志信息:
发送数据: 7E013000010031
----------------------------------------------------------------------

[2025-11-13 16:46:01.738]  位置日志信息:
接收到数据: 7e01320002010035
----------------------------------------------------------------------

[2025-11-13 16:46:01.989]  位置日志信息:
发送数据: 7E013000010031
----------------------------------------------------------------------

[2025-11-13 16:46:01.995]  位置日志信息:
接收到数据: 7e01320002030037
----------------------------------------------------------------------

[2025-11-13 16:46:02.238]  位置日志信息:
发送数据: 7E013000010031
----------------------------------------------------------------------

[2025-11-13 16:46:02.239]  位置日志信息:
接收到数据: 7e01320002030037
----------------------------------------------------------------------

[2025-11-13 16:46:02.484]  位置日志信息:
发送数据: 7E013000010031
----------------------------------------------------------------------

[2025-11-13 16:46:02.485]  位置日志信息:
接收到数据: 7e01320002030037
----------------------------------------------------------------------

[2025-11-13 16:46:02.737]  位置日志信息:
发送数据: 7E013000010031
----------------------------------------------------------------------

[2025-11-13 16:46:02.739]  位置日志信息:
接收到数据: 7e01320002030037
----------------------------------------------------------------------

[2025-11-13 16:46:02.988]  位置日志信息:
发送数据: 7E013000010031
----------------------------------------------------------------------

[2025-11-13 16:46:02.991]  位置日志信息:
接收到数据: 7e01320002030037
----------------------------------------------------------------------

[2025-11-13 16:46:03.232]  位置日志信息:
发送数据: 7E013000010031
----------------------------------------------------------------------

[2025-11-13 16:46:03.233]  位置日志信息:
接收到数据: 7e01320002030037
----------------------------------------------------------------------

[2025-11-13 16:46:03.486]  位置日志信息:
发送数据: 7E013000010031
----------------------------------------------------------------------

[2025-11-13 16:46:03.488]  位置日志信息:
接收到数据: 7e01320002030037
----------------------------------------------------------------------

[2025-11-13 16:46:03.738]  位置日志信息:
发送数据: 7E013000010031
----------------------------------------------------------------------

[2025-11-13 16:46:03.741]  位置日志信息:
接收到数据: 7e01320002030037
----------------------------------------------------------------------

[2025-11-13 16:46:03.986]  位置日志信息:
发送数据: 7E013000010031
----------------------------------------------------------------------

[2025-11-13 16:46:03.991]  位置日志信息:
接收到数据: 7e01320002030037
----------------------------------------------------------------------

[2025-11-13 16:46:04.231]  位置日志信息:
发送数据: 7E013000010031
----------------------------------------------------------------------

[2025-11-13 16:46:04.232]  位置日志信息:
接收到数据: 7e01320002030037
----------------------------------------------------------------------

[2025-11-13 16:46:04.489]  位置日志信息:
发送数据: 7E013000010031
----------------------------------------------------------------------

[2025-11-13 16:46:04.491]  位置日志信息:
接收到数据: 7e01320002030037
----------------------------------------------------------------------

[2025-11-13 16:46:04.732]  位置日志信息:
发送数据: 7E013000010031
----------------------------------------------------------------------

[2025-11-13 16:46:04.738]  位置日志信息:
接收到数据: 7e01320002030037
----------------------------------------------------------------------

[2025-11-13 16:46:04.977]  位置日志信息:
发送数据: 7E013000010031
----------------------------------------------------------------------

[2025-11-13 16:46:04.978]  位置日志信息:
接收到数据: 7e01320002030037
----------------------------------------------------------------------

[2025-11-13 16:46:05.227]  位置日志信息:
发送数据: 7E013000010031
----------------------------------------------------------------------

[2025-11-13 16:46:05.229]  位置日志信息:
接收到数据: 7e01320002030037
----------------------------------------------------------------------

[2025-11-13 16:46:49.538]  位置日志信息:
成功检测到酒精串口: COM3
----------------------------------------------------------------------

[2025-11-13 16:46:49.566]  位置日志信息:
打开串口 COM3 成功，波特率: 115200
----------------------------------------------------------------------

[2025-11-13 16:46:49.838]  位置日志信息:
发送数据: 7E013000010031
----------------------------------------------------------------------

[2025-11-13 16:46:49.862]  位置日志信息:
接收到数据: 7e01320002030037
----------------------------------------------------------------------

[2025-11-13 16:46:50.081]  位置日志信息:
发送数据: 7E013000010031
----------------------------------------------------------------------

[2025-11-13 16:46:50.100]  位置日志信息:
接收到数据: 7e01320002030037
----------------------------------------------------------------------

[2025-11-13 16:46:50.342]  位置日志信息:
发送数据: 7E013000010031
----------------------------------------------------------------------

[2025-11-13 16:46:50.344]  位置日志信息:
接收到数据: 7e01320002030037
----------------------------------------------------------------------

[2025-11-13 16:46:50.590]  位置日志信息:
发送数据: 7E013000010031
----------------------------------------------------------------------

[2025-11-13 16:46:50.594]  位置日志信息:
接收到数据: 7e01320002030037
----------------------------------------------------------------------

[2025-11-13 16:46:50.840]  位置日志信息:
发送数据: 7E013000010031
----------------------------------------------------------------------

[2025-11-13 16:46:50.847]  位置日志信息:
接收到数据: 7e01320002030037
----------------------------------------------------------------------

[2025-11-13 16:46:51.079]  位置日志信息:
发送数据: 7E013000010031
----------------------------------------------------------------------

[2025-11-13 16:46:51.081]  位置日志信息:
接收到数据: 7e01320002030037
----------------------------------------------------------------------

[2025-11-13 16:46:51.343]  位置日志信息:
发送数据: 7E013000010031
----------------------------------------------------------------------

[2025-11-13 16:46:51.347]  位置日志信息:
接收到数据: 7e01320002030037
----------------------------------------------------------------------

[2025-11-13 16:46:51.604]  位置日志信息:
发送数据: 7E013000010031
----------------------------------------------------------------------

[2025-11-13 16:46:51.615]  位置日志信息:
接收到数据: 7e01320002030037
----------------------------------------------------------------------

[2025-11-13 16:46:51.843]  位置日志信息:
发送数据: 7E013000010031
----------------------------------------------------------------------

[2025-11-13 16:46:51.845]  位置日志信息:
接收到数据: 7e01320002030037
----------------------------------------------------------------------

[2025-11-13 16:46:52.094]  位置日志信息:
发送数据: 7E013000010031
----------------------------------------------------------------------

[2025-11-13 16:46:52.096]  位置日志信息:
接收到数据: 7e01320002030138
----------------------------------------------------------------------

[2025-11-13 16:46:52.338]  位置日志信息:
发送数据: 7E013000010031
----------------------------------------------------------------------

[2025-11-13 16:46:52.340]  位置日志信息:
接收到数据: 7e01320002030138
----------------------------------------------------------------------

[2025-11-13 16:46:52.579]  位置日志信息:
发送数据: 7E013000010031
----------------------------------------------------------------------

[2025-11-13 16:46:52.580]  位置日志信息:
接收到数据: 7e01320002030138
----------------------------------------------------------------------

[2025-11-13 16:46:52.829]  位置日志信息:
发送数据: 7E013000010031
----------------------------------------------------------------------

[2025-11-13 16:46:52.831]  位置日志信息:
接收到数据: 7e01320002030138
----------------------------------------------------------------------

[2025-11-13 16:46:53.089]  位置日志信息:
发送数据: 7E013000010031
----------------------------------------------------------------------

[2025-11-13 16:46:53.133]  位置日志信息:
接收到数据: 7e01320002030138
----------------------------------------------------------------------

[2025-11-13 16:46:53.339]  位置日志信息:
发送数据: 7E013000010031
----------------------------------------------------------------------

[2025-11-13 16:46:53.372]  位置日志信息:
接收到数据: 7e01320002030138
----------------------------------------------------------------------

[2025-11-13 16:46:53.579]  位置日志信息:
发送数据: 7E013000010031
----------------------------------------------------------------------

[2025-11-13 16:46:53.612]  位置日志信息:
接收到数据: 7e01320002030138
----------------------------------------------------------------------

[2025-11-13 16:46:53.840]  位置日志信息:
发送数据: 7E013000010031
----------------------------------------------------------------------

[2025-11-13 16:46:53.851]  位置日志信息:
接收到数据: 7e01320002030138
----------------------------------------------------------------------

[2025-11-13 16:46:54.090]  位置日志信息:
发送数据: 7E013000010031
----------------------------------------------------------------------

[2025-11-13 16:46:54.093]  位置日志信息:
接收到数据: 7e01320002040038
----------------------------------------------------------------------

[2025-11-13 16:46:54.339]  位置日志信息:
发送数据: 7E013000010031
----------------------------------------------------------------------

[2025-11-13 16:46:54.341]  位置日志信息:
接收到数据: 7e01320002040038
----------------------------------------------------------------------

[2025-11-13 16:46:54.593]  位置日志信息:
发送数据: 7E013000010031
----------------------------------------------------------------------

[2025-11-13 16:46:54.595]  位置日志信息:
接收到数据: 7e01320002040038
----------------------------------------------------------------------

[2025-11-13 16:46:54.838]  位置日志信息:
发送数据: 7E013000010031
----------------------------------------------------------------------

[2025-11-13 16:46:54.865]  位置日志信息:
接收到数据: 7e01320002040038
----------------------------------------------------------------------

[2025-11-13 16:46:55.090]  位置日志信息:
发送数据: 7E013000010031
----------------------------------------------------------------------

[2025-11-13 16:46:55.129]  位置日志信息:
接收到数据: 7e01340002000036
----------------------------------------------------------------------

[2025-11-13 16:46:58.038]  位置日志信息:
发送数据: 7E013000010031
----------------------------------------------------------------------

[2025-11-13 16:46:58.066]  位置日志信息:
接收到数据: 7e01320002010035
----------------------------------------------------------------------

[2025-11-13 16:46:58.289]  位置日志信息:
发送数据: 7E013000010031
----------------------------------------------------------------------

[2025-11-13 16:46:58.315]  位置日志信息:
接收到数据: 7e01320002030037
----------------------------------------------------------------------

[2025-11-13 16:46:58.547]  位置日志信息:
发送数据: 7E013000010031
----------------------------------------------------------------------

[2025-11-13 16:46:58.560]  位置日志信息:
接收到数据: 7e01320002030037
----------------------------------------------------------------------

[2025-11-13 16:46:58.799]  位置日志信息:
发送数据: 7E013000010031
----------------------------------------------------------------------

[2025-11-13 16:46:58.801]  位置日志信息:
接收到数据: 7e01320002030037
----------------------------------------------------------------------

[2025-11-13 16:46:59.044]  位置日志信息:
发送数据: 7E013000010031
----------------------------------------------------------------------

[2025-11-13 16:46:59.046]  位置日志信息:
接收到数据: 7e01320002030037
----------------------------------------------------------------------

[2025-11-13 16:46:59.296]  位置日志信息:
发送数据: 7E013000010031
----------------------------------------------------------------------

[2025-11-13 16:46:59.298]  位置日志信息:
接收到数据: 7e01320002030037
----------------------------------------------------------------------

[2025-11-13 16:46:59.546]  位置日志信息:
发送数据: 7E013000010031
----------------------------------------------------------------------

[2025-11-13 16:46:59.560]  位置日志信息:
接收到数据: 7e01320002030037
----------------------------------------------------------------------

[2025-11-13 16:46:59.796]  位置日志信息:
发送数据: 7E013000010031
----------------------------------------------------------------------

[2025-11-13 16:46:59.798]  位置日志信息:
接收到数据: 7e01320002030037
----------------------------------------------------------------------

[2025-11-13 16:47:00.043]  位置日志信息:
发送数据: 7E013000010031
----------------------------------------------------------------------

[2025-11-13 16:47:00.045]  位置日志信息:
接收到数据: 7e01320002030037
----------------------------------------------------------------------

[2025-11-13 16:47:00.297]  位置日志信息:
发送数据: 7E013000010031
----------------------------------------------------------------------

[2025-11-13 16:47:00.299]  位置日志信息:
接收到数据: 7e01320002030037
----------------------------------------------------------------------

[2025-11-13 16:47:00.548]  位置日志信息:
发送数据: 7E013000010031
----------------------------------------------------------------------

[2025-11-13 16:47:00.550]  位置日志信息:
接收到数据: 7e01320002030037
----------------------------------------------------------------------

[2025-11-13 16:47:00.798]  位置日志信息:
发送数据: 7E013000010031
----------------------------------------------------------------------

[2025-11-13 16:47:00.800]  位置日志信息:
接收到数据: 7e01320002030037
----------------------------------------------------------------------

[2025-11-13 16:47:01.044]  位置日志信息:
发送数据: 7E013000010031
----------------------------------------------------------------------

[2025-11-13 16:47:01.046]  位置日志信息:
接收到数据: 7e01320002030037
----------------------------------------------------------------------

[2025-11-13 16:47:01.298]  位置日志信息:
发送数据: 7E013000010031
----------------------------------------------------------------------

[2025-11-13 16:47:01.299]  位置日志信息:
接收到数据: 7e01320002030138
----------------------------------------------------------------------

[2025-11-13 16:47:01.543]  位置日志信息:
发送数据: 7E013000010031
----------------------------------------------------------------------

[2025-11-13 16:47:01.554]  位置日志信息:
接收到数据: 7e01320002030138
----------------------------------------------------------------------

[2025-11-13 16:47:01.797]  位置日志信息:
发送数据: 7E013000010031
----------------------------------------------------------------------

[2025-11-13 16:47:01.799]  位置日志信息:
接收到数据: 7e01320002030138
----------------------------------------------------------------------

[2025-11-13 16:47:02.041]  位置日志信息:
发送数据: 7E013000010031
----------------------------------------------------------------------

[2025-11-13 16:47:02.073]  位置日志信息:
接收到数据: 7e01320002030138
----------------------------------------------------------------------

[2025-11-13 16:47:02.297]  位置日志信息:
发送数据: 7E013000010031
----------------------------------------------------------------------

[2025-11-13 16:47:02.313]  位置日志信息:
接收到数据: 7e01320002030138
----------------------------------------------------------------------

[2025-11-13 16:47:02.552]  位置日志信息:
发送数据: 7E013000010031
----------------------------------------------------------------------

[2025-11-13 16:47:02.554]  位置日志信息:
接收到数据: 7e01320002030138
----------------------------------------------------------------------

[2025-11-13 16:47:02.792]  位置日志信息:
发送数据: 7E013000010031
----------------------------------------------------------------------

[2025-11-13 16:47:02.794]  位置日志信息:
接收到数据: 7e01320002030138
----------------------------------------------------------------------

[2025-11-13 16:47:03.048]  位置日志信息:
发送数据: 7E013000010031
----------------------------------------------------------------------

[2025-11-13 16:47:03.050]  位置日志信息:
接收到数据: 7e01320002030138
----------------------------------------------------------------------

[2025-11-13 16:47:03.292]  位置日志信息:
发送数据: 7E013000010031
----------------------------------------------------------------------

[2025-11-13 16:47:03.294]  位置日志信息:
接收到数据: 7e01320002040038
----------------------------------------------------------------------

[2025-11-13 16:47:03.538]  位置日志信息:
发送数据: 7E013000010031
----------------------------------------------------------------------

[2025-11-13 16:47:03.546]  位置日志信息:
接收到数据: 7e01320002040038
----------------------------------------------------------------------

[2025-11-13 16:47:03.790]  位置日志信息:
发送数据: 7E013000010031
----------------------------------------------------------------------

[2025-11-13 16:47:03.792]  位置日志信息:
接收到数据: 7e01320002040038
----------------------------------------------------------------------

[2025-11-13 16:47:04.064]  位置日志信息:
发送数据: 7E013000010031
----------------------------------------------------------------------

[2025-11-13 16:47:04.067]  位置日志信息:
接收到数据: 7e01320002040038
----------------------------------------------------------------------

[2025-11-13 16:47:04.299]  位置日志信息:
发送数据: 7E013000010031
----------------------------------------------------------------------

[2025-11-13 16:47:04.301]  位置日志信息:
接收到数据: 7e01340002000036
----------------------------------------------------------------------

[2025-11-13 16:47:06.582]  位置日志信息:
发送数据: 7E013000010031
----------------------------------------------------------------------

[2025-11-13 16:47:06.584]  位置日志信息:
接收到数据: 7e01320002010035
----------------------------------------------------------------------

[2025-11-13 16:47:06.833]  位置日志信息:
发送数据: 7E013000010031
----------------------------------------------------------------------

[2025-11-13 16:47:06.835]  位置日志信息:
接收到数据: 7e01320002030037
----------------------------------------------------------------------

[2025-11-13 16:47:07.091]  位置日志信息:
发送数据: 7E013000010031
----------------------------------------------------------------------

[2025-11-13 16:47:07.094]  位置日志信息:
接收到数据: 7e01320002030037
----------------------------------------------------------------------

[2025-11-13 16:47:07.345]  位置日志信息:
发送数据: 7E013000010031
----------------------------------------------------------------------

[2025-11-13 16:47:07.348]  位置日志信息:
接收到数据: 7e01320002030037
----------------------------------------------------------------------

[2025-11-13 16:47:07.599]  位置日志信息:
发送数据: 7E013000010031
----------------------------------------------------------------------

[2025-11-13 16:47:07.611]  位置日志信息:
接收到数据: 7e01320002030037
----------------------------------------------------------------------

[2025-11-13 16:47:07.832]  位置日志信息:
发送数据: 7E013000010031
----------------------------------------------------------------------

[2025-11-13 16:47:07.834]  位置日志信息:
接收到数据: 7e01320002030037
----------------------------------------------------------------------

[2025-11-13 16:47:08.089]  位置日志信息:
发送数据: 7E013000010031
----------------------------------------------------------------------

[2025-11-13 16:47:08.097]  位置日志信息:
接收到数据: 7e01320002030138
----------------------------------------------------------------------

[2025-11-13 16:47:08.355]  位置日志信息:
接收到数据: 7e01320002030138
----------------------------------------------------------------------

[2025-11-13 16:47:08.356]  位置日志信息:
发送数据: 7E013000010031
----------------------------------------------------------------------

[2025-11-13 16:47:08.599]  位置日志信息:
发送数据: 7E013000010031
----------------------------------------------------------------------

[2025-11-13 16:47:08.605]  位置日志信息:
接收到数据: 7e01320002030138
----------------------------------------------------------------------

[2025-11-13 16:47:08.840]  位置日志信息:
发送数据: 7E013000010031
----------------------------------------------------------------------

[2025-11-13 16:47:08.847]  位置日志信息:
接收到数据: 7e01320002030138
----------------------------------------------------------------------

[2025-11-13 16:47:09.094]  位置日志信息:
发送数据: 7E013000010031
----------------------------------------------------------------------

[2025-11-13 16:47:09.096]  位置日志信息:
接收到数据: 7e01320002030138
----------------------------------------------------------------------

[2025-11-13 16:47:09.341]  位置日志信息:
发送数据: 7E013000010031
----------------------------------------------------------------------

[2025-11-13 16:47:09.343]  位置日志信息:
接收到数据: 7e01320002030138
----------------------------------------------------------------------

[2025-11-13 16:47:09.591]  位置日志信息:
发送数据: 7E013000010031
----------------------------------------------------------------------

[2025-11-13 16:47:09.593]  位置日志信息:
接收到数据: 7e01320002030138
----------------------------------------------------------------------

[2025-11-13 16:47:09.843]  位置日志信息:
发送数据: 7E013000010031
----------------------------------------------------------------------

[2025-11-13 16:47:09.854]  位置日志信息:
接收到数据: 7e01320002030138
----------------------------------------------------------------------

[2025-11-13 16:47:10.095]  位置日志信息:
发送数据: 7E013000010031
----------------------------------------------------------------------

[2025-11-13 16:47:10.097]  位置日志信息:
接收到数据: 7e01320002040038
----------------------------------------------------------------------

[2025-11-13 16:47:10.339]  位置日志信息:
发送数据: 7E013000010031
----------------------------------------------------------------------

[2025-11-13 16:47:10.376]  位置日志信息:
接收到数据: 7e01320002040038
----------------------------------------------------------------------

[2025-11-13 16:47:10.591]  位置日志信息:
发送数据: 7E013000010031
----------------------------------------------------------------------

[2025-11-13 16:47:10.616]  位置日志信息:
接收到数据: 7e01320002040038
----------------------------------------------------------------------

[2025-11-13 16:47:10.845]  位置日志信息:
发送数据: 7E013000010031
----------------------------------------------------------------------

[2025-11-13 16:47:10.854]  位置日志信息:
接收到数据: 7e01320002040038
----------------------------------------------------------------------

[2025-11-13 16:47:11.094]  位置日志信息:
发送数据: 7E013000010031
----------------------------------------------------------------------

[2025-11-13 16:47:11.097]  位置日志信息:
接收到数据: 7e01340002000036
----------------------------------------------------------------------

[2025-11-13 16:47:13.524]  位置日志信息:
发送数据: 7E013000010031
----------------------------------------------------------------------

[2025-11-13 16:47:13.568]  位置日志信息:
接收到数据: 7e01320002010035
----------------------------------------------------------------------

[2025-11-13 16:47:13.776]  位置日志信息:
发送数据: 7E013000010031
----------------------------------------------------------------------

[2025-11-13 16:47:13.809]  位置日志信息:
接收到数据: 7e01320002030037
----------------------------------------------------------------------

[2025-11-13 16:47:14.036]  位置日志信息:
发送数据: 7E013000010031
----------------------------------------------------------------------

[2025-11-13 16:47:14.047]  位置日志信息:
接收到数据: 7e01320002030037
----------------------------------------------------------------------

[2025-11-13 16:47:14.289]  位置日志信息:
发送数据: 7E013000010031
----------------------------------------------------------------------

[2025-11-13 16:47:14.290]  位置日志信息:
接收到数据: 7e01320002030037
----------------------------------------------------------------------

[2025-11-13 16:47:14.530]  位置日志信息:
发送数据: 7E013000010031
----------------------------------------------------------------------

[2025-11-13 16:47:14.531]  位置日志信息:
接收到数据: 7e01320002030037
----------------------------------------------------------------------

[2025-11-13 16:47:14.788]  位置日志信息:
发送数据: 7E013000010031
----------------------------------------------------------------------

[2025-11-13 16:47:14.792]  位置日志信息:
接收到数据: 7e01320002030037
----------------------------------------------------------------------

[2025-11-13 16:47:15.035]  位置日志信息:
发送数据: 7E013000010031
----------------------------------------------------------------------

[2025-11-13 16:47:15.042]  位置日志信息:
接收到数据: 7e01320002030037
----------------------------------------------------------------------

[2025-11-13 16:47:15.288]  位置日志信息:
发送数据: 7E013000010031
----------------------------------------------------------------------

[2025-11-13 16:47:15.290]  位置日志信息:
接收到数据: 7e01320002030138
----------------------------------------------------------------------

[2025-11-13 16:47:15.531]  位置日志信息:
发送数据: 7E013000010031
----------------------------------------------------------------------

[2025-11-13 16:47:15.536]  位置日志信息:
接收到数据: 7e01320002030138
----------------------------------------------------------------------

[2025-11-13 16:47:15.788]  位置日志信息:
发送数据: 7E013000010031
----------------------------------------------------------------------

[2025-11-13 16:47:15.789]  位置日志信息:
接收到数据: 7e01320002030138
----------------------------------------------------------------------

[2025-11-13 16:47:16.033]  位置日志信息:
发送数据: 7E013000010031
----------------------------------------------------------------------

[2025-11-13 16:47:16.044]  位置日志信息:
接收到数据: 7e01320002030138
----------------------------------------------------------------------

[2025-11-13 16:47:16.288]  位置日志信息:
发送数据: 7E013000010031
----------------------------------------------------------------------

[2025-11-13 16:47:16.291]  位置日志信息:
接收到数据: 7e01320002030138
----------------------------------------------------------------------

[2025-11-13 16:47:16.531]  位置日志信息:
发送数据: 7E013000010031
----------------------------------------------------------------------

[2025-11-13 16:47:16.533]  位置日志信息:
接收到数据: 7e01320002030138
----------------------------------------------------------------------

[2025-11-13 16:47:16.786]  位置日志信息:
发送数据: 7E013000010031
----------------------------------------------------------------------

[2025-11-13 16:47:16.798]  位置日志信息:
接收到数据: 7e01320002030138
----------------------------------------------------------------------

[2025-11-13 16:47:17.028]  位置日志信息:
发送数据: 7E013000010031
----------------------------------------------------------------------

[2025-11-13 16:47:17.037]  位置日志信息:
接收到数据: 7e01320002030138
----------------------------------------------------------------------

[2025-11-13 16:47:17.295]  位置日志信息:
发送数据: 7E013000010031
----------------------------------------------------------------------

[2025-11-13 16:47:17.297]  位置日志信息:
接收到数据: 7e01320002040038
----------------------------------------------------------------------

[2025-11-13 16:47:17.535]  位置日志信息:
发送数据: 7E013000010031
----------------------------------------------------------------------

[2025-11-13 16:47:17.537]  位置日志信息:
接收到数据: 7e01320002040038
----------------------------------------------------------------------

[2025-11-13 16:47:17.788]  位置日志信息:
发送数据: 7E013000010031
----------------------------------------------------------------------

[2025-11-13 16:47:17.790]  位置日志信息:
接收到数据: 7e01320002040038
----------------------------------------------------------------------

[2025-11-13 16:47:18.049]  位置日志信息:
发送数据: 7E013000010031
----------------------------------------------------------------------

[2025-11-13 16:47:18.050]  位置日志信息:
接收到数据: 7e01320002040038
----------------------------------------------------------------------

[2025-11-13 16:47:18.282]  位置日志信息:
发送数据: 7E013000010031
----------------------------------------------------------------------

[2025-11-13 16:47:18.284]  位置日志信息:
接收到数据: 7e01340002000036
----------------------------------------------------------------------

[2025-11-13 16:47:21.102]  位置日志信息:
发送数据: 7E013000010031
----------------------------------------------------------------------

[2025-11-13 16:47:21.115]  位置日志信息:
接收到数据: 7e01320002010035
----------------------------------------------------------------------

[2025-11-13 16:47:21.352]  位置日志信息:
发送数据: 7E013000010031
----------------------------------------------------------------------

[2025-11-13 16:47:21.355]  位置日志信息:
接收到数据: 7e01320002030037
----------------------------------------------------------------------

[2025-11-13 16:47:21.612]  位置日志信息:
发送数据: 7E013000010031
----------------------------------------------------------------------

[2025-11-13 16:47:21.614]  位置日志信息:
接收到数据: 7e01320002030037
----------------------------------------------------------------------

[2025-11-13 16:47:21.871]  位置日志信息:
发送数据: 7E013000010031
----------------------------------------------------------------------

[2025-11-13 16:47:21.872]  位置日志信息:
接收到数据: 7e01320002030138
----------------------------------------------------------------------

[2025-11-13 16:47:22.109]  位置日志信息:
发送数据: 7E013000010031
----------------------------------------------------------------------

[2025-11-13 16:47:22.111]  位置日志信息:
接收到数据: 7e01320002030138
----------------------------------------------------------------------

[2025-11-13 16:47:22.362]  位置日志信息:
发送数据: 7E013000010031
----------------------------------------------------------------------

[2025-11-13 16:47:22.364]  位置日志信息:
接收到数据: 7e01320002030138
----------------------------------------------------------------------

[2025-11-13 16:47:22.605]  位置日志信息:
发送数据: 7E013000010031
----------------------------------------------------------------------

[2025-11-13 16:47:22.607]  位置日志信息:
接收到数据: 7e01320002030138
----------------------------------------------------------------------

[2025-11-13 16:47:22.853]  位置日志信息:
发送数据: 7E013000010031
----------------------------------------------------------------------

[2025-11-13 16:47:22.865]  位置日志信息:
接收到数据: 7e01320002030138
----------------------------------------------------------------------

[2025-11-13 16:47:23.103]  位置日志信息:
发送数据: 7E013000010031
----------------------------------------------------------------------

[2025-11-13 16:47:23.107]  位置日志信息:
接收到数据: 7e01320002030138
----------------------------------------------------------------------

[2025-11-13 16:47:23.364]  位置日志信息:
发送数据: 7E013000010031
----------------------------------------------------------------------

[2025-11-13 16:47:23.365]  位置日志信息:
接收到数据: 7e01320002030138
----------------------------------------------------------------------

[2025-11-13 16:47:23.605]  位置日志信息:
发送数据: 7E013000010031
----------------------------------------------------------------------

[2025-11-13 16:47:23.609]  位置日志信息:
接收到数据: 7e01320002030138
----------------------------------------------------------------------

[2025-11-13 16:47:23.863]  位置日志信息:
发送数据: 7E013000010031
----------------------------------------------------------------------

[2025-11-13 16:47:23.871]  位置日志信息:
接收到数据: 7e01320002040038
----------------------------------------------------------------------

[2025-11-13 16:47:24.113]  位置日志信息:
发送数据: 7E013000010031
----------------------------------------------------------------------

[2025-11-13 16:47:24.115]  位置日志信息:
接收到数据: 7e01320002040038
----------------------------------------------------------------------

[2025-11-13 16:47:24.361]  位置日志信息:
发送数据: 7E013000010031
----------------------------------------------------------------------

[2025-11-13 16:47:24.363]  位置日志信息:
接收到数据: 7e01320002040038
----------------------------------------------------------------------

[2025-11-13 16:47:24.611]  位置日志信息:
发送数据: 7E013000010031
----------------------------------------------------------------------

[2025-11-13 16:47:24.620]  位置日志信息:
接收到数据: 7e01320002040038
----------------------------------------------------------------------

[2025-11-13 16:47:24.856]  位置日志信息:
发送数据: 7E013000010031
----------------------------------------------------------------------

[2025-11-13 16:47:24.864]  位置日志信息:
接收到数据: 7e01340002000036
----------------------------------------------------------------------

[2025-11-13 16:47:28.286]  位置日志信息:
发送数据: 7E013000010031
----------------------------------------------------------------------

[2025-11-13 16:47:28.293]  位置日志信息:
接收到数据: 7e01320002010035
----------------------------------------------------------------------

[2025-11-13 16:47:28.536]  位置日志信息:
发送数据: 7E013000010031
----------------------------------------------------------------------

[2025-11-13 16:47:28.542]  位置日志信息:
接收到数据: 7e01320002030037
----------------------------------------------------------------------

[2025-11-13 16:47:28.794]  位置日志信息:
发送数据: 7E013000010031
----------------------------------------------------------------------

[2025-11-13 16:47:28.796]  位置日志信息:
接收到数据: 7e01320002030037
----------------------------------------------------------------------

[2025-11-13 16:47:29.046]  位置日志信息:
发送数据: 7E013000010031
----------------------------------------------------------------------

[2025-11-13 16:47:29.051]  位置日志信息:
接收到数据: 7e01320002030138
----------------------------------------------------------------------

[2025-11-13 16:47:29.294]  位置日志信息:
发送数据: 7E013000010031
----------------------------------------------------------------------

[2025-11-13 16:47:29.296]  位置日志信息:
接收到数据: 7e01320002030138
----------------------------------------------------------------------

[2025-11-13 16:47:29.546]  位置日志信息:
发送数据: 7E013000010031
----------------------------------------------------------------------

[2025-11-13 16:47:29.548]  位置日志信息:
接收到数据: 7e01320002030138
----------------------------------------------------------------------

[2025-11-13 16:47:29.794]  位置日志信息:
发送数据: 7E013000010031
----------------------------------------------------------------------

[2025-11-13 16:47:29.796]  位置日志信息:
接收到数据: 7e01320002030138
----------------------------------------------------------------------

[2025-11-13 16:47:30.048]  位置日志信息:
发送数据: 7E013000010031
----------------------------------------------------------------------

[2025-11-13 16:47:30.092]  位置日志信息:
接收到数据: 7e01320002030138
----------------------------------------------------------------------

[2025-11-13 16:47:30.303]  位置日志信息:
发送数据: 7E013000010031
----------------------------------------------------------------------

[2025-11-13 16:47:30.331]  位置日志信息:
接收到数据: 7e01320002030138
----------------------------------------------------------------------

[2025-11-13 16:47:30.543]  位置日志信息:
发送数据: 7E013000010031
----------------------------------------------------------------------

[2025-11-13 16:47:30.571]  位置日志信息:
接收到数据: 7e01320002030138
----------------------------------------------------------------------

[2025-11-13 16:47:30.796]  位置日志信息:
发送数据: 7E013000010031
----------------------------------------------------------------------

[2025-11-13 16:47:31.044]  位置日志信息:
发送数据: 7E013000010031
----------------------------------------------------------------------

[2025-11-13 16:47:31.301]  位置日志信息:
发送数据: 7E013000010031
----------------------------------------------------------------------

[2025-11-13 16:47:31.550]  位置日志信息:
发送数据: 7E013000010031
----------------------------------------------------------------------

[2025-11-13 16:47:31.562]  位置日志信息:
接收到数据: 7e01320002010035
----------------------------------------------------------------------

[2025-11-13 16:47:31.794]  位置日志信息:
发送数据: 7E013000010031
----------------------------------------------------------------------

[2025-11-13 16:47:31.815]  位置日志信息:
接收到数据: 7e01320002010035
----------------------------------------------------------------------

[2025-11-13 16:47:32.046]  位置日志信息:
发送数据: 7E013000010031
----------------------------------------------------------------------

[2025-11-13 16:47:32.048]  位置日志信息:
接收到数据: 7e01320002010035
----------------------------------------------------------------------

[2025-11-13 16:47:32.292]  位置日志信息:
发送数据: 7E013000010031
----------------------------------------------------------------------

[2025-11-13 16:47:32.293]  位置日志信息:
接收到数据: 7e01320002010035
----------------------------------------------------------------------

[2025-11-13 16:47:32.544]  位置日志信息:
发送数据: 7E013000010031
----------------------------------------------------------------------

[2025-11-13 16:47:32.546]  位置日志信息:
接收到数据: 7e01320002010035
----------------------------------------------------------------------

[2025-11-13 16:47:32.792]  位置日志信息:
发送数据: 7E013000010031
----------------------------------------------------------------------

[2025-11-13 16:47:32.794]  位置日志信息:
接收到数据: 7e01320002030037
----------------------------------------------------------------------

[2025-11-13 16:47:33.048]  位置日志信息:
发送数据: 7E013000010031
----------------------------------------------------------------------

[2025-11-13 16:47:33.051]  位置日志信息:
接收到数据: 7e01320002030037
----------------------------------------------------------------------

[2025-11-13 16:47:33.295]  位置日志信息:
发送数据: 7E013000010031
----------------------------------------------------------------------

[2025-11-13 16:47:33.297]  位置日志信息:
接收到数据: 7e01320002030037
----------------------------------------------------------------------

[2025-11-13 16:47:33.543]  位置日志信息:
发送数据: 7E013000010031
----------------------------------------------------------------------

[2025-11-13 16:47:33.555]  位置日志信息:
接收到数据: 7e01320002030037
----------------------------------------------------------------------

[2025-11-13 16:47:33.796]  位置日志信息:
发送数据: 7E013000010031
----------------------------------------------------------------------

[2025-11-13 16:47:33.798]  位置日志信息:
接收到数据: 7e01320002030037
----------------------------------------------------------------------

[2025-11-13 16:47:34.050]  位置日志信息:
发送数据: 7E013000010031
----------------------------------------------------------------------

[2025-11-13 16:47:34.053]  位置日志信息:
接收到数据: 7e01320002030037
----------------------------------------------------------------------

[2025-11-13 16:47:34.293]  位置日志信息:
发送数据: 7E013000010031
----------------------------------------------------------------------

[2025-11-13 16:47:34.296]  位置日志信息:
接收到数据: 7e01320002030037
----------------------------------------------------------------------

[2025-11-13 16:47:34.551]  位置日志信息:
发送数据: 7E013000010031
----------------------------------------------------------------------

[2025-11-13 16:47:34.558]  位置日志信息:
接收到数据: 7e01320002030037
----------------------------------------------------------------------

[2025-11-13 16:47:34.796]  位置日志信息:
发送数据: 7E013000010031
----------------------------------------------------------------------

[2025-11-13 16:47:34.797]  位置日志信息:
接收到数据: 7e01320002030037
----------------------------------------------------------------------

[2025-11-13 16:47:35.043]  位置日志信息:
发送数据: 7E013000010031
----------------------------------------------------------------------

[2025-11-13 16:47:35.045]  位置日志信息:
接收到数据: 7e01320002030037
----------------------------------------------------------------------

[2025-11-13 16:47:35.293]  位置日志信息:
发送数据: 7E013000010031
----------------------------------------------------------------------

[2025-11-13 16:47:35.295]  位置日志信息:
接收到数据: 7e01320002030037
----------------------------------------------------------------------

[2025-11-13 16:47:35.542]  位置日志信息:
发送数据: 7E013000010031
----------------------------------------------------------------------

[2025-11-13 16:47:35.551]  位置日志信息:
接收到数据: 7e01320002030037
----------------------------------------------------------------------

[2025-11-13 16:47:35.792]  位置日志信息:
发送数据: 7E013000010031
----------------------------------------------------------------------

[2025-11-13 16:47:35.793]  位置日志信息:
接收到数据: 7e01320002030037
----------------------------------------------------------------------

[2025-11-13 16:47:36.045]  位置日志信息:
发送数据: 7E013000010031
----------------------------------------------------------------------

[2025-11-13 16:47:36.047]  位置日志信息:
接收到数据: 7e01320002030037
----------------------------------------------------------------------

[2025-11-13 16:47:36.293]  位置日志信息:
发送数据: 7E013000010031
----------------------------------------------------------------------

[2025-11-13 16:47:36.294]  位置日志信息:
接收到数据: 7e01320002030037
----------------------------------------------------------------------

[2025-11-13 16:47:36.543]  位置日志信息:
发送数据: 7E013000010031
----------------------------------------------------------------------

[2025-11-13 16:47:36.544]  位置日志信息:
接收到数据: 7e01320002030037
----------------------------------------------------------------------

[2025-11-13 16:47:36.794]  位置日志信息:
发送数据: 7E013000010031
----------------------------------------------------------------------

[2025-11-13 16:47:36.795]  位置日志信息:
接收到数据: 7e01320002030037
----------------------------------------------------------------------

[2025-11-13 16:47:37.035]  位置日志信息:
发送数据: 7E013000010031
----------------------------------------------------------------------

[2025-11-13 16:47:37.037]  位置日志信息:
接收到数据: 7e01320002030037
----------------------------------------------------------------------

[2025-11-13 16:47:37.301]  位置日志信息:
发送数据: 7E013000010031
----------------------------------------------------------------------

[2025-11-13 16:47:37.352]  位置日志信息:
接收到数据: 7e01320002030037
----------------------------------------------------------------------

[2025-11-13 16:47:37.546]  位置日志信息:
发送数据: 7E013000010031
----------------------------------------------------------------------

[2025-11-13 16:47:37.556]  位置日志信息:
接收到数据: 7e01320002030037
----------------------------------------------------------------------

[2025-11-13 16:47:37.794]  位置日志信息:
发送数据: 7E013000010031
----------------------------------------------------------------------

[2025-11-13 16:47:37.816]  位置日志信息:
接收到数据: 7e01320002030037
----------------------------------------------------------------------

[2025-11-13 16:47:38.043]  位置日志信息:
发送数据: 7E013000010031
----------------------------------------------------------------------

[2025-11-13 16:47:38.045]  位置日志信息:
接收到数据: 7e01320002030037
----------------------------------------------------------------------

[2025-11-13 16:47:38.287]  位置日志信息:
发送数据: 7E013000010031
----------------------------------------------------------------------

[2025-11-13 16:47:38.290]  位置日志信息:
接收到数据: 7e01320002030138
----------------------------------------------------------------------

[2025-11-13 16:47:38.548]  位置日志信息:
发送数据: 7E013000010031
----------------------------------------------------------------------

[2025-11-13 16:47:38.550]  位置日志信息:
接收到数据: 7e01320002030138
----------------------------------------------------------------------

[2025-11-13 16:47:38.786]  位置日志信息:
发送数据: 7E013000010031
----------------------------------------------------------------------

[2025-11-13 16:47:38.788]  位置日志信息:
接收到数据: 7e01320002030138
----------------------------------------------------------------------

[2025-11-13 16:47:39.043]  位置日志信息:
发送数据: 7E013000010031
----------------------------------------------------------------------

[2025-11-13 16:47:39.045]  位置日志信息:
接收到数据: 7e01320002030138
----------------------------------------------------------------------

[2025-11-13 16:47:39.293]  位置日志信息:
发送数据: 7E013000010031
----------------------------------------------------------------------

[2025-11-13 16:47:39.302]  位置日志信息:
接收到数据: 7e01320002030138
----------------------------------------------------------------------

[2025-11-13 16:47:39.541]  位置日志信息:
发送数据: 7E013000010031
----------------------------------------------------------------------

[2025-11-13 16:47:39.543]  位置日志信息:
接收到数据: 7e01320002030138
----------------------------------------------------------------------

[2025-11-13 16:47:39.793]  位置日志信息:
发送数据: 7E013000010031
----------------------------------------------------------------------

[2025-11-13 16:47:39.795]  位置日志信息:
接收到数据: 7e01320002030138
----------------------------------------------------------------------

[2025-11-13 16:47:40.044]  位置日志信息:
发送数据: 7E013000010031
----------------------------------------------------------------------

[2025-11-13 16:47:40.046]  位置日志信息:
接收到数据: 7e01320002030138
----------------------------------------------------------------------

[2025-11-13 16:47:40.295]  位置日志信息:
发送数据: 7E013000010031
----------------------------------------------------------------------

[2025-11-13 16:47:40.297]  位置日志信息:
接收到数据: 7e01320002040038
----------------------------------------------------------------------

[2025-11-13 16:47:40.543]  位置日志信息:
发送数据: 7E013000010031
----------------------------------------------------------------------

[2025-11-13 16:47:40.545]  位置日志信息:
接收到数据: 7e01320002040038
----------------------------------------------------------------------

[2025-11-13 16:47:40.799]  位置日志信息:
发送数据: 7E013000010031
----------------------------------------------------------------------

[2025-11-13 16:47:40.804]  位置日志信息:
接收到数据: 7e01320002040038
----------------------------------------------------------------------

[2025-11-13 16:47:41.050]  位置日志信息:
发送数据: 7E013000010031
----------------------------------------------------------------------

[2025-11-13 16:47:41.059]  位置日志信息:
接收到数据: 7e01320002040038
----------------------------------------------------------------------

[2025-11-13 16:47:41.293]  位置日志信息:
发送数据: 7E013000010031
----------------------------------------------------------------------

[2025-11-13 16:47:41.299]  位置日志信息:
接收到数据: 7e01340002000036
----------------------------------------------------------------------

